<?xml version="1.0" encoding="UTF-8"?>
<!-- Generated by org.testng.reporters.JUnitReportReporter -->
<testsuite hostname="JKGUPTA" failures="0" tests="3" name="standAlone_Test.SubmitOrderTest" time="20.206" errors="0" timestamp="2024-07-23T15:51:12 IST" skipped="0">
  <testcase classname="standAlone_Test.SubmitOrderTest" name="submitOrder" time="7.146"/>
  <testcase classname="standAlone_Test.SubmitOrderTest" name="orderHistoryTest" time="4.118"/>
  <testcase classname="standAlone_Test.SubmitOrderTest" name="submitOrder" time="8.942"/>
</testsuite> <!-- standAlone_Test.SubmitOrderTest -->
