<?xml version="1.0" encoding="UTF-8"?>
<!-- Generated by org.testng.reporters.JUnitReportReporter -->
<testsuite hostname="JKGUPTA" failures="0" tests="1" name="javaScriptExecuter.Handlying_Table" time="0.016" errors="0" timestamp="2024-08-09T11:20:57 IST" skipped="0">
  <testcase classname="javaScriptExecuter.Handlying_Table" name="test1" time="0.016"/>
</testsuite> <!-- javaScriptExecuter.Handlying_Table -->
