<?xml version="1.0" encoding="UTF-8"?>
<!-- Generated by org.testng.reporters.JUnitReportReporter -->
<testsuite hostname="JKGUPTA" failures="0" tests="6" name="DataProvider.DataProvider_Excel" time="0.016" errors="0" timestamp="2024-09-04T22:46:17 IST" skipped="0">
  <testcase classname="DataProvider.DataProvider_Excel" name="testCaseData" time="0.001"/>
  <testcase classname="DataProvider.DataProvider_Excel" name="testCaseData" time="0.009"/>
  <testcase classname="DataProvider.DataProvider_Excel" name="testCaseData" time="0.001"/>
  <testcase classname="DataProvider.DataProvider_Excel" name="testCaseData" time="0.001"/>
  <testcase classname="DataProvider.DataProvider_Excel" name="testCaseData" time="0.002"/>
  <testcase classname="DataProvider.DataProvider_Excel" name="testCaseData" time="0.002"/>
</testsuite> <!-- DataProvider.DataProvider_Excel -->
