<?xml version="1.0" encoding="UTF-8"?>
<!-- Generated by org.testng.reporters.JUnitReportReporter -->
<testsuite hostname="JKGUPTA" failures="0" tests="1" name="test1.GoogleTest" time="40.881" errors="0" timestamp="2024-09-08T17:27:48 IST" skipped="0">
  <testcase classname="test1.GoogleTest" name="googleHomeTest" time="40.881"/>
</testsuite> <!-- test1.GoogleTest -->
