<?xml version="1.0" encoding="UTF-8"?>
<!-- Generated by org.testng.reporters.JUnitReportReporter -->
<testsuite hostname="JKGUPTA" failures="0" tests="1" name="com.Ecommerce.TestCases.ConfirmationPageTest" time="9.052" errors="0" timestamp="2024-08-05T23:15:48 IST" skipped="0">
  <testcase classname="com.Ecommerce.TestCases.ConfirmationPageTest" name="orderPageTest" time="9.052"/>
</testsuite> <!-- com.Ecommerce.TestCases.ConfirmationPageTest -->
